{
  "RSpec": {
    "coverage": {
      "/Users/changjaeyou/Documents/Obsidian-Vault/AnsibleMage/ansible_config/7001_Dev Methodology/400_Rails8_Dev Methodology/Sample Project/ansiblemage_homepage/app/helpers/application_helper.rb": {
        "lines": [
          1,
          1,
          null,
          0,
          null,
          null,
          null,
          null,
          null,
          null,
          null,
          null,
          0,
          null,
          null
        ]
      },
      "/Users/changjaeyou/Documents/Obsidian-Vault/AnsibleMage/ansible_config/7001_Dev Methodology/400_Rails8_Dev Methodology/Sample Project/ansiblemage_homepage/app/helpers/markdown_helper.rb": {
        "lines": [
          1,
          1,
          1,
          null,
          1,
          0,
          0,
          null,
          0,
          null,
          null,
          null,
          1,
          1,
          null,
          1,
          1,
          1,
          1,
          1,
          1,
          1,
          1,
          1,
          1,
          1,
          1,
          1,
          1,
          1,
          1,
          null,
          null,
          1,
          0,
          null,
          0,
          null,
          null,
          null,
          null,
          0,
          null,
          null,
          null,
          null,
          null,
          null,
          null,
          null,
          null,
          0,
          null,
          null
        ]
      },
      "/Users/changjaeyou/Documents/Obsidian-Vault/AnsibleMage/ansible_config/7001_Dev Methodology/400_Rails8_Dev Methodology/Sample Project/ansiblemage_homepage/app/models/post.rb": {
        "lines": [
          1,
          null,
          1,
          1,
          null,
          null,
          1,
          1,
          1,
          null,
          null,
          38,
          38,
          null,
          null,
          16,
          1,
          12,
          1,
          0,
          null,
          1,
          9,
          null,
          7,
          null,
          null,
          null,
          null,
          null,
          null,
          null,
          null,
          1,
          0,
          null,
          null,
          null,
          1,
          8,
          2,
          null,
          0,
          null,
          null,
          null,
          1,
          1,
          1,
          null,
          null,
          null,
          1,
          4,
          null,
          null,
          1,
          null,
          null,
          null,
          null,
          null,
          1,
          null,
          1,
          37,
          37,
          null,
          37,
          37,
          null,
          37,
          0,
          0,
          null,
          null,
          null,
          1,
          37,
          null,
          null
        ]
      },
      "/Users/changjaeyou/Documents/Obsidian-Vault/AnsibleMage/ansible_config/7001_Dev Methodology/400_Rails8_Dev Methodology/Sample Project/ansiblemage_homepage/app/models/application_record.rb": {
        "lines": [
          1,
          1,
          null
        ]
      },
      "/Users/changjaeyou/Documents/Obsidian-Vault/AnsibleMage/ansible_config/7001_Dev Methodology/400_Rails8_Dev Methodology/Sample Project/ansiblemage_homepage/app/controllers/posts_controller.rb": {
        "lines": [
          1,
          1,
          null,
          1,
          null,
          1,
          null,
          4,
          2,
          null,
          2,
          2,
          null,
          4,
          null,
          null,
          1,
          0,
          0,
          null,
          null
        ]
      },
      "/Users/changjaeyou/Documents/Obsidian-Vault/AnsibleMage/ansible_config/7001_Dev Methodology/400_Rails8_Dev Methodology/Sample Project/ansiblemage_homepage/app/controllers/application_controller.rb": {
        "lines": [
          1,
          null,
          1,
          null,
          1,
          null,
          1,
          null,
          1,
          8,
          null,
          null,
          1,
          0,
          null,
          null,
          1,
          0,
          0,
          0,
          null,
          null,
          null
        ]
      },
      "/Users/changjaeyou/Documents/Obsidian-Vault/AnsibleMage/ansible_config/7001_Dev Methodology/400_Rails8_Dev Methodology/Sample Project/ansiblemage_homepage/app/controllers/concerns/post_likeable.rb": {
        "lines": [
          null,
          null,
          1,
          1,
          null,
          1,
          null,
          1,
          0,
          null,
          null,
          1,
          0,
          0,
          null,
          0,
          null,
          null,
          null,
          1,
          0,
          0,
          null,
          0,
          null,
          null,
          null
        ]
      },
      "/Users/changjaeyou/Documents/Obsidian-Vault/AnsibleMage/ansible_config/7001_Dev Methodology/400_Rails8_Dev Methodology/Sample Project/ansiblemage_homepage/app/controllers/admin/posts_controller.rb": {
        "lines": [
          0,
          0,
          0,
          0,
          null,
          0,
          0,
          0,
          null,
          0,
          0,
          0,
          null,
          0,
          0,
          null,
          0,
          0,
          0,
          0,
          0,
          0,
          null,
          0,
          0,
          null,
          0,
          0,
          0,
          0,
          0,
          0,
          0,
          null,
          0,
          0,
          0,
          0,
          null,
          0,
          null,
          0,
          0,
          0,
          null,
          0,
          0,
          0,
          null,
          0,
          null,
          0,
          0,
          0,
          0,
          0,
          0,
          0
        ],
        "branches": {}
      },
      "/Users/changjaeyou/Documents/Obsidian-Vault/AnsibleMage/ansible_config/7001_Dev Methodology/400_Rails8_Dev Methodology/Sample Project/ansiblemage_homepage/app/controllers/comments_controller.rb": {
        "lines": [
          null,
          null,
          0,
          0,
          0,
          0,
          null,
          0,
          0,
          0,
          null,
          0,
          0,
          0,
          0,
          0,
          0,
          0,
          0,
          0,
          0,
          0,
          0,
          null,
          0,
          0,
          0,
          0,
          0,
          0,
          0,
          0,
          0,
          0,
          0,
          null,
          0,
          null,
          0,
          0,
          0,
          null,
          0,
          0,
          0,
          null,
          0,
          0,
          0,
          0
        ],
        "branches": {}
      },
      "/Users/changjaeyou/Documents/Obsidian-Vault/AnsibleMage/ansible_config/7001_Dev Methodology/400_Rails8_Dev Methodology/Sample Project/ansiblemage_homepage/app/controllers/likes_controller.rb": {
        "lines": [
          null,
          null,
          0,
          0,
          null,
          0,
          null,
          0,
          0,
          null,
          0,
          0,
          0,
          0,
          0,
          0,
          0,
          0,
          0,
          0,
          0,
          0,
          null,
          0,
          0,
          null,
          0,
          0,
          0,
          0,
          0,
          0,
          0,
          0,
          0,
          0,
          0,
          0,
          null,
          0,
          null,
          0,
          0,
          0,
          0,
          0,
          0,
          0
        ],
        "branches": {}
      },
      "/Users/changjaeyou/Documents/Obsidian-Vault/AnsibleMage/ansible_config/7001_Dev Methodology/400_Rails8_Dev Methodology/Sample Project/ansiblemage_homepage/app/controllers/pages_controller.rb": {
        "lines": [
          0,
          0,
          0,
          0,
          null,
          0,
          0,
          null,
          0,
          0,
          0,
          null,
          0,
          null,
          0,
          0,
          0,
          0,
          0,
          0,
          0,
          0,
          null,
          0,
          0,
          0,
          0,
          0,
          null,
          0,
          0,
          0,
          null,
          0,
          0,
          0,
          0,
          0,
          0,
          0,
          0,
          0,
          0,
          0,
          0,
          0,
          0,
          0,
          null,
          0,
          0,
          0,
          0,
          0,
          0,
          0,
          0,
          0,
          0,
          0,
          0,
          0,
          0,
          0,
          0,
          0,
          0,
          0,
          0,
          0,
          0,
          0,
          0,
          0,
          0,
          0,
          0,
          0
        ],
        "branches": {}
      },
      "/Users/changjaeyou/Documents/Obsidian-Vault/AnsibleMage/ansible_config/7001_Dev Methodology/400_Rails8_Dev Methodology/Sample Project/ansiblemage_homepage/app/controllers/sessions_controller.rb": {
        "lines": [
          null,
          null,
          0,
          0,
          0,
          0,
          null,
          0,
          0,
          null,
          0,
          0,
          null,
          0,
          0,
          0,
          0,
          0,
          null,
          0,
          0,
          0,
          0,
          0
        ],
        "branches": {}
      },
      "/Users/changjaeyou/Documents/Obsidian-Vault/AnsibleMage/ansible_config/7001_Dev Methodology/400_Rails8_Dev Methodology/Sample Project/ansiblemage_homepage/app/jobs/application_job.rb": {
        "lines": [
          0,
          null,
          null,
          null,
          null,
          null,
          0
        ],
        "branches": {}
      },
      "/Users/changjaeyou/Documents/Obsidian-Vault/AnsibleMage/ansible_config/7001_Dev Methodology/400_Rails8_Dev Methodology/Sample Project/ansiblemage_homepage/app/mailers/application_mailer.rb": {
        "lines": [
          0,
          0,
          0,
          0
        ],
        "branches": {}
      },
      "/Users/changjaeyou/Documents/Obsidian-Vault/AnsibleMage/ansible_config/7001_Dev Methodology/400_Rails8_Dev Methodology/Sample Project/ansiblemage_homepage/app/models/comment.rb": {
        "lines": [
          null,
          null,
          0,
          0,
          0,
          null,
          0,
          null,
          0,
          0
        ],
        "branches": {}
      },
      "/Users/changjaeyou/Documents/Obsidian-Vault/AnsibleMage/ansible_config/7001_Dev Methodology/400_Rails8_Dev Methodology/Sample Project/ansiblemage_homepage/app/models/like.rb": {
        "lines": [
          null,
          null,
          0,
          0,
          0,
          null,
          0,
          0,
          0,
          null,
          0,
          0
        ],
        "branches": {}
      },
      "/Users/changjaeyou/Documents/Obsidian-Vault/AnsibleMage/ansible_config/7001_Dev Methodology/400_Rails8_Dev Methodology/Sample Project/ansiblemage_homepage/app/models/user.rb": {
        "lines": [
          null,
          null,
          0,
          0,
          0,
          null,
          0,
          0,
          null,
          0,
          0,
          0,
          0,
          0,
          0,
          0,
          0,
          0,
          null,
          0,
          0,
          0,
          null,
          0,
          0,
          0,
          0
        ],
        "branches": {}
      }
    },
    "timestamp": 1770531282
  }
}
