{
  "RSpec": {
    "coverage": {
      "/Users/changjaeyou/Documents/Obsidian-Vault/AnsibleMage/ansible_config/7001_Dev Methodology/400_Rails8_Dev Methodology/Sample Project/ansiblemage_homepage/app/helpers/application_helper.rb": {
        "lines": [
          1,
          1,
          null,
          0,
          null,
          null,
          null,
          null,
          null,
          null,
          null,
          null,
          0,
          null,
          null
        ]
      },
      "/Users/changjaeyou/Documents/Obsidian-Vault/AnsibleMage/ansible_config/7001_Dev Methodology/400_Rails8_Dev Methodology/Sample Project/ansiblemage_homepage/app/models/post.rb": {
        "lines": [
          1,
          null,
          1,
          1,
          null,
          null,
          1,
          1,
          1,
          null,
          null,
          16,
          16,
          null,
          null,
          3,
          3,
          1,
          null,
          null,
          1,
          0,
          null,
          null,
          1,
          null,
          1,
          12,
          12,
          null,
          12,
          12,
          null,
          12,
          1,
          1,
          null,
          null,
          null,
          1,
          9,
          null,
          null
        ]
      },
      "/Users/changjaeyou/Documents/Obsidian-Vault/AnsibleMage/ansible_config/7001_Dev Methodology/400_Rails8_Dev Methodology/Sample Project/ansiblemage_homepage/app/models/application_record.rb": {
        "lines": [
          1,
          1,
          null
        ]
      },
      "/Users/changjaeyou/Documents/Obsidian-Vault/AnsibleMage/ansible_config/7001_Dev Methodology/400_Rails8_Dev Methodology/Sample Project/ansiblemage_homepage/app/controllers/application_controller.rb": {
        "lines": [
          0,
          null,
          0,
          null,
          0,
          null,
          0,
          null,
          0,
          0,
          0,
          null,
          0,
          0,
          0,
          null,
          0,
          0,
          0,
          0,
          0,
          0,
          0
        ],
        "branches": {}
      },
      "/Users/changjaeyou/Documents/Obsidian-Vault/AnsibleMage/ansible_config/7001_Dev Methodology/400_Rails8_Dev Methodology/Sample Project/ansiblemage_homepage/app/controllers/pages_controller.rb": {
        "lines": [
          0,
          0,
          0,
          0,
          null,
          0,
          0,
          null,
          0,
          0,
          0,
          null,
          0,
          null,
          0,
          null,
          null,
          0,
          0,
          0,
          0,
          0,
          0,
          0,
          0,
          0,
          0,
          0,
          0,
          0,
          0,
          0,
          0,
          0,
          0,
          0,
          0,
          0,
          0,
          0,
          0,
          0
        ],
        "branches": {}
      },
      "/Users/changjaeyou/Documents/Obsidian-Vault/AnsibleMage/ansible_config/7001_Dev Methodology/400_Rails8_Dev Methodology/Sample Project/ansiblemage_homepage/app/controllers/posts_controller.rb": {
        "lines": [
          0,
          0,
          0,
          0,
          0,
          null,
          0,
          0,
          0,
          0
        ],
        "branches": {}
      },
      "/Users/changjaeyou/Documents/Obsidian-Vault/AnsibleMage/ansible_config/7001_Dev Methodology/400_Rails8_Dev Methodology/Sample Project/ansiblemage_homepage/app/jobs/application_job.rb": {
        "lines": [
          0,
          null,
          null,
          null,
          null,
          null,
          0
        ],
        "branches": {}
      },
      "/Users/changjaeyou/Documents/Obsidian-Vault/AnsibleMage/ansible_config/7001_Dev Methodology/400_Rails8_Dev Methodology/Sample Project/ansiblemage_homepage/app/mailers/application_mailer.rb": {
        "lines": [
          0,
          0,
          0,
          0
        ],
        "branches": {}
      }
    },
    "timestamp": 1769946215
  }
}
